<html>
<body>
<pre>
<h1>Vision Build Log</h1>
<h2>Tool Versions:</h2>
IDE-Version: μVision V5.38.0.0
Copyright (C) 2022 ARM Ltd and ARM Germany GmbH. All rights reserved.
License Information:  ,  , LIC=BU39H-WKQWL-MXIU8-3K1HE-HKEDX-5ZBUR
 
Tool Versions:
Toolchain:       PK51 Prof. Developers Kit  Version: 9.60.7.0
Toolchain Path:  C:\Keil_v5\C51\BIN
C Compiler:      C51.exe V9.60.7.0
Assembler:       A51.exe V8.2.7.0
Linker/Locator:  BL51.exe V6.22.4.0
Library Manager: LIB51.exe V4.30.1.0
Hex Converter:   OH51.exe V2.7.0.0
CPU DLL:         S8051.DLL V3.125.1.0
Dialog DLL:      DP51.DLL V2.69.0.0
Target DLL:      TXLink_keil_C51.dll V1.00
Dialog DLL:      TP51.DLL V2.60.1.0
 
<h2>Project:</h2>
D:\A_WorkSt\Aworkst\99-以往项目\B--北陀\code\BT-91\code\project-2026-01-17-1260-SOP16\Project\Keil\Project.uvproj
Project File Date:  01/17/2026

<h2>Output:</h2>
Build target 'Target 1'
compiling main.c...
compiling pwm.c...
compiling adc.c...
compiling time0.c...
compiling debug.c...
compiling timer2.c...
compiling knob_dimming.c...
compiling rf_recv.c...
..\..\User\rf_recv.c(138): error C202: 'RF_KEY_ID_9': undefined identifier
..\..\User\rf_recv.c(139): error C202: 'RF_KEY_ID_10': undefined identifier
..\..\User\rf_recv.c(140): error C202: 'RF_KEY_ID_11': undefined identifier
..\..\User\rf_recv.c(141): error C202: 'RF_KEY_ID_12': undefined identifier
..\..\User\rf_recv.c(146): error C202: 'RF_KEY_ID_1': undefined identifier
..\..\User\rf_recv.c(147): error C202: 'RF_KEY_ID_2': undefined identifier
..\..\User\rf_recv.c(148): error C202: 'RF_KEY_ID_3': undefined identifier
..\..\User\rf_recv.c(149): error C202: 'RF_KEY_ID_4': undefined identifier
..\..\User\rf_recv.c(150): error C202: 'RF_KEY_ID_5': undefined identifier
..\..\User\rf_recv.c(151): error C202: 'RF_KEY_ID_6': undefined identifier
..\..\User\rf_recv.c(152): error C202: 'RF_KEY_ID_7': undefined identifier
..\..\User\rf_recv.c(153): error C202: 'RF_KEY_ID_8': undefined identifier
compiling key_driver.c...
compiling flash.c...
compiling fan_ctl.c...
compiling timer3.c...
compiling engine.c...
compiling power_on.c...
Target not created.
Build Time Elapsed:  00:00:02
</pre>
</body>
</html>
